---- Minecraft Crash Report ----
// Embeddium instance tainted by mods: [sodiumoptionsapi, valkyrienskies, oculus]
// Please do not reach out for Embeddium support without removing these mods first.
// -------
// Shall we play a game?

Time: 2026-02-19 09:05:08
Description: Mod loading error has occurred

java.lang.Exception: Mod Loading has failed
	at net.minecraftforge.logging.CrashReportExtender.dumpModLoadingCrashReport(CrashReportExtender.java:60) ~[forge-1.20.1-47.4.0-universal.jar%23439!/:?] {re:mixin,re:classloading,pl:mixin:APP:embeddium.mixins.json:core.CrashReportExtenderMixin,pl:mixin:A}
	at net.minecraftforge.client.loading.ClientModLoader.completeModLoading(ClientModLoader.java:135) ~[forge-1.20.1-47.4.0-universal.jar%23439!/:?] {re:classloading}
	at net.minecraft.client.Minecraft.lambda$new$4(Minecraft.java:571) ~[client-1.20.1-20230612.114412-srg.jar%23434!/:?] {re:mixin,pl:accesstransformer:B,pl:runtimedistcleaner:A,re:classloading,pl:accesstransformer:B,pl:mixin:A,pl:runtimedistcleaner:A}
	at net.minecraft.Util.m_137521_(Util.java:421) ~[client-1.20.1-20230612.114412-srg.jar%23434!/:?] {re:mixin,pl:accesstransformer:B,re:classloading,pl:accesstransformer:B,pl:mixin:APP:modernfix-common.mixins.json:perf.thread_priorities.UtilMixin,pl:mixin:APP:kubejs-common.mixins.json:UtilMixin,pl:mixin:APP:forge-DistantHorizons.forge.mixins.json:server.MixinUtilBackgroundThread,pl:mixin:A}
	at net.minecraft.client.Minecraft.lambda$new$5(Minecraft.java:564) ~[client-1.20.1-20230612.114412-srg.jar%23434!/:?] {re:mixin,pl:accesstransformer:B,pl:runtimedistcleaner:A,re:classloading,pl:accesstransformer:B,pl:mixin:A,pl:runtimedistcleaner:A}
	at net.minecraftforge.client.loading.ForgeLoadingOverlay.m_88315_(ForgeLoadingOverlay.java:146) ~[forge-1.20.1-47.4.0-universal.jar%23439!/:?] {re:classloading}
	at net.minecraft.client.renderer.GameRenderer.m_109093_(GameRenderer.java:954) ~[client-1.20.1-20230612.114412-srg.jar%23434!/:?] {re:mixin,pl:accesstransformer:B,pl:runtimedistcleaner:A,re:classloading,pl:accesstransformer:B,pl:mixin:APP:mixins.valkyrien_space_war.json:MixinGameRendererMixin,pl:mixin:APP:tallyho.mixins.json:client.MixinGameRenderer,pl:mixin:APP:moonlight-common.mixins.json:GameRendererMixin,pl:mixin:APP:mixins.sodiumextras.json:impl.darkness.GameRendererMixin,pl:mixin:APP:railways-common.mixins.json:conductor_possession.MixinGameRenderer,pl:mixin:APP:mixins.oculus.json:GameRendererAccessor,pl:mixin:APP:mixins.oculus.json:MixinGameRenderer,pl:mixin:APP:mixins.oculus.json:MixinModelViewBobbing,pl:mixin:APP:pointblank.mixins.json:GameRendererMixin,pl:mixin:APP:pointblank.mixins.json:GameRendererAccessorMixin,pl:mixin:APP:tallyho.mixins.json:camera_possession.MixinGameRenderer,pl:mixin:APP:cgm.mixins.json:client.GameRendererMixin,pl:mixin:APP:tacz.mixins.json:client.GameRendererMixin,pl:mixin:APP:mixins.controlcraft.json:camera.MixinGameRenderer,pl:mixin:APP:mixins.valkyrien_space_war.json:MixinGameRenderer,pl:mixin:APP:lrtactical.mixins.json:client.GameRendererMixin,pl:mixin:APP:immediatelyfast-common.mixins.json:core.compat.MixinGameRenderer,pl:mixin:APP:valkyrienskies-common.mixins.json:client.renderer.MixinGameRenderer,pl:mixin:APP:vmod-common.mixins.json:GameRendererMixin,pl:mixin:APP:create.mixins.json:accessor.GameRendererAccessor,pl:mixin:APP:create.mixins.json:client.GameRendererMixin,pl:mixin:APP:embeddium.mixins.json:features.gui.hooks.console.GameRendererMixin,pl:mixin:APP:mixins.oculus.json:MixinGameRenderer_NightVisionCompat,pl:mixin:A,pl:runtimedistcleaner:A}
	at net.minecraft.client.Minecraft.m_91383_(Minecraft.java:1146) ~[client-1.20.1-20230612.114412-srg.jar%23434!/:?] {re:mixin,pl:accesstransformer:B,pl:runtimedistcleaner:A,re:classloading,pl:accesstransformer:B,pl:mixin:A,pl:runtimedistcleaner:A}
	at net.minecraft.client.Minecraft.m_91374_(Minecraft.java:718) ~[client-1.20.1-20230612.114412-srg.jar%23434!/:?] {re:mixin,pl:accesstransformer:B,pl:runtimedistcleaner:A,re:classloading,pl:accesstransformer:B,pl:mixin:A,pl:runtimedistcleaner:A}
	at net.minecraft.client.main.Main.main(Main.java:218) ~[1.20.1-forge-47.4.0.jar:?] {re:mixin,pl:runtimedistcleaner:A,re:classloading,pl:mixin:APP:flywheel.mixins.json:ClientMainMixin,pl:mixin:A,pl:runtimedistcleaner:A}
	at jdk.internal.reflect.NativeMethodAccessorImpl.invoke0(Native Method) ~[?:?] {}
	at jdk.internal.reflect.NativeMethodAccessorImpl.invoke(NativeMethodAccessorImpl.java:77) ~[?:?] {}
	at jdk.internal.reflect.DelegatingMethodAccessorImpl.invoke(DelegatingMethodAccessorImpl.java:43) ~[?:?] {}
	at java.lang.reflect.Method.invoke(Method.java:568) ~[?:?] {re:mixin}
	at net.minecraftforge.fml.loading.targets.CommonLaunchHandler.runTarget(CommonLaunchHandler.java:111) ~[fmlloader-1.20.1-47.4.0.jar:?] {}
	at net.minecraftforge.fml.loading.targets.CommonLaunchHandler.clientService(CommonLaunchHandler.java:99) ~[fmlloader-1.20.1-47.4.0.jar:?] {}
	at net.minecraftforge.fml.loading.targets.CommonClientLaunchHandler.lambda$makeService$0(CommonClientLaunchHandler.java:25) ~[fmlloader-1.20.1-47.4.0.jar:?] {}
	at cpw.mods.modlauncher.LaunchServiceHandlerDecorator.launch(LaunchServiceHandlerDecorator.java:30) ~[modlauncher-10.0.9.jar:?] {}
	at cpw.mods.modlauncher.LaunchServiceHandler.launch(LaunchServiceHandler.java:53) ~[modlauncher-10.0.9.jar:?] {}
	at cpw.mods.modlauncher.LaunchServiceHandler.launch(LaunchServiceHandler.java:71) ~[modlauncher-10.0.9.jar:?] {}
	at cpw.mods.modlauncher.Launcher.run(Launcher.java:108) ~[modlauncher-10.0.9.jar:?] {}
	at cpw.mods.modlauncher.Launcher.main(Launcher.java:78) ~[modlauncher-10.0.9.jar:?] {}
	at cpw.mods.modlauncher.BootstrapLaunchConsumer.accept(BootstrapLaunchConsumer.java:26) ~[modlauncher-10.0.9.jar:?] {}
	at cpw.mods.modlauncher.BootstrapLaunchConsumer.accept(BootstrapLaunchConsumer.java:23) ~[modlauncher-10.0.9.jar:?] {}
	at cpw.mods.bootstraplauncher.BootstrapLauncher.main(BootstrapLauncher.java:141) ~[bootstraplauncher-1.1.2.jar:?] {}


A detailed walkthrough of the error, its code path and all known details is as follows:
---------------------------------------------------------------------------------------

-- Head --
Thread: Render thread
Suspected Mods: NONE
Stacktrace:
	at org.spongepowered.asm.mixin.transformer.MixinPreProcessorStandard.transformMethod(MixinPreProcessorStandard.java:754) ~[mixin-0.8.5.jar%23100!/:0.8.5+Jenkins-b310.git-155314e6e91465dad727e621a569906a410cd6f4] {}
-- MOD createenergycannons --
Details:
	Caused by 0: org.spongepowered.asm.mixin.transformer.throwables.MixinTransformerError: An unexpected critical error was encountered
		at org.spongepowered.asm.mixin.transformer.MixinProcessor.applyMixins(MixinProcessor.java:392) ~[mixin-0.8.5.jar:0.8.5+Jenkins-b310.git-155314e6e91465dad727e621a569906a410cd6f4] {}
		at org.spongepowered.asm.mixin.transformer.MixinTransformer.transformClass(MixinTransformer.java:250) ~[mixin-0.8.5.jar:0.8.5+Jenkins-b310.git-155314e6e91465dad727e621a569906a410cd6f4] {}
		at org.spongepowered.asm.service.modlauncher.MixinTransformationHandler.processClass(MixinTransformationHandler.java:131) ~[mixin-0.8.5.jar:0.8.5+Jenkins-b310.git-155314e6e91465dad727e621a569906a410cd6f4] {}
		at org.spongepowered.asm.launch.MixinLaunchPluginLegacy.processClass(MixinLaunchPluginLegacy.java:131) ~[mixin-0.8.5.jar:0.8.5+Jenkins-b310.git-155314e6e91465dad727e621a569906a410cd6f4] {}
		at cpw.mods.modlauncher.serviceapi.ILaunchPluginService.processClassWithFlags(ILaunchPluginService.java:156) ~[modlauncher-10.0.9.jar:10.0.9+10.0.9+main.dcd20f30] {}
		at cpw.mods.modlauncher.LaunchPluginHandler.offerClassNodeToPlugins(LaunchPluginHandler.java:88) ~[modlauncher-10.0.9.jar:?] {}
		at cpw.mods.modlauncher.ClassTransformer.transform(ClassTransformer.java:120) ~[modlauncher-10.0.9.jar:?] {}
		at cpw.mods.modlauncher.TransformingClassLoader.maybeTransformClassBytes(TransformingClassLoader.java:50) ~[modlauncher-10.0.9.jar:?] {}
		at cpw.mods.cl.ModuleClassLoader.readerToClass(ModuleClassLoader.java:113) ~[securejarhandler-2.1.10.jar:?] {}
		at cpw.mods.cl.ModuleClassLoader.lambda$findClass$15(ModuleClassLoader.java:219) ~[securejarhandler-2.1.10.jar:?] {}
		at cpw.mods.cl.ModuleClassLoader.loadFromModule(ModuleClassLoader.java:229) ~[securejarhandler-2.1.10.jar:?] {}
		at cpw.mods.cl.ModuleClassLoader.findClass(ModuleClassLoader.java:219) ~[securejarhandler-2.1.10.jar:?] {}
		at cpw.mods.cl.ModuleClassLoader.loadClass(ModuleClassLoader.java:135) ~[securejarhandler-2.1.10.jar:?] {}
		at java.lang.ClassLoader.loadClass(ClassLoader.java:525) ~[?:?] {}
		at net.arsenalists.createenergycannons.registry.CECBlockEntity.<clinit>(CECBlockEntity.java:21) ~[createenergycannons-0.1.8-mc1.20.1.jar%23336!/:0.1.8-+mc1.20.1] {re:classloading}
		at net.arsenalists.createenergycannons.CECMod.<init>(CECMod.java:28) ~[createenergycannons-0.1.8-mc1.20.1.jar%23336!/:0.1.8-+mc1.20.1] {re:classloading}
		at jdk.internal.reflect.NativeConstructorAccessorImpl.newInstance0(Native Method) ~[?:?] {}
		at jdk.internal.reflect.NativeConstructorAccessorImpl.newInstance(NativeConstructorAccessorImpl.java:77) ~[?:?] {}
		at jdk.internal.reflect.DelegatingConstructorAccessorImpl.newInstance(DelegatingConstructorAccessorImpl.java:45) ~[?:?] {}
		at java.lang.reflect.Constructor.newInstanceWithCaller(Constructor.java:499) ~[?:?] {}
		at java.lang.reflect.Constructor.newInstance(Constructor.java:480) ~[?:?] {}
		at net.minecraftforge.fml.javafmlmod.FMLModContainer.constructMod(FMLModContainer.java:77) ~[javafmllanguage-1.20.1-47.4.0.jar%23436!/:?] {}
		at net.minecraftforge.fml.ModContainer.lambda$buildTransitionHandler$5(ModContainer.java:126) ~[fmlcore-1.20.1-47.4.0.jar%23435!/:?] {re:mixin}
		at java.util.concurrent.CompletableFuture$AsyncRun.run(CompletableFuture.java:1804) ~[?:?] {}
		at java.util.concurrent.CompletableFuture$AsyncRun.exec(CompletableFuture.java:1796) ~[?:?] {}
		at java.util.concurrent.ForkJoinTask.doExec(ForkJoinTask.java:373) ~[?:?] {}
		at java.util.concurrent.ForkJoinPool$WorkQueue.topLevelExec(ForkJoinPool.java:1182) ~[?:?] {}
		at java.util.concurrent.ForkJoinPool.scan(ForkJoinPool.java:1655) ~[?:?] {re:mixin,re:computing_frames}
		at java.util.concurrent.ForkJoinPool.runWorker(ForkJoinPool.java:1622) ~[?:?] {re:mixin,re:computing_frames}
		at java.util.concurrent.ForkJoinWorkerThread.run(ForkJoinWorkerThread.java:165) ~[?:?] {re:mixin}

	Mod File: /C:/Users/Zero/curseforge/minecraft/Instances/ModernWarfare/mods/createenergycannons-0.1.8-mc1.20.1.jar
	Failure message: Create Energy Cannons (createenergycannons) has failed to load correctly
		org.spongepowered.asm.mixin.transformer.throwables.MixinTransformerError: An unexpected critical error was encountered
	Mod Version: 0.1
	Mod Issue URL: NOT PROVIDED
	Exception message: org.spongepowered.asm.mixin.throwables.ClassMetadataNotFoundException: riftyboi.cbcmodernwarfare.cannon_control.compact_mount.CompactCannonMountBlockEntity
Stacktrace:
	at org.spongepowered.asm.mixin.transformer.MixinPreProcessorStandard.transformMethod(MixinPreProcessorStandard.java:754) ~[mixin-0.8.5.jar:0.8.5+Jenkins-b310.git-155314e6e91465dad727e621a569906a410cd6f4] {}
	at org.spongepowered.asm.mixin.transformer.MixinPreProcessorStandard.transform(MixinPreProcessorStandard.java:739) ~[mixin-0.8.5.jar:0.8.5+Jenkins-b310.git-155314e6e91465dad727e621a569906a410cd6f4] {}
	at org.spongepowered.asm.mixin.transformer.MixinPreProcessorStandard.attach(MixinPreProcessorStandard.java:310) ~[mixin-0.8.5.jar:0.8.5+Jenkins-b310.git-155314e6e91465dad727e621a569906a410cd6f4] {}
	at org.spongepowered.asm.mixin.transformer.MixinPreProcessorStandard.createContextFor(MixinPreProcessorStandard.java:280) ~[mixin-0.8.5.jar:0.8.5+Jenkins-b310.git-155314e6e91465dad727e621a569906a410cd6f4] {}
	at org.spongepowered.asm.mixin.transformer.MixinInfo.createContextFor(MixinInfo.java:1288) ~[mixin-0.8.5.jar:0.8.5+Jenkins-b310.git-155314e6e91465dad727e621a569906a410cd6f4] {}
	at org.spongepowered.asm.mixin.transformer.MixinApplicatorStandard.apply(MixinApplicatorStandard.java:292) ~[mixin-0.8.5.jar:0.8.5+Jenkins-b310.git-155314e6e91465dad727e621a569906a410cd6f4] {}
	at org.spongepowered.asm.mixin.transformer.TargetClassContext.apply(TargetClassContext.java:383) ~[mixin-0.8.5.jar:0.8.5+Jenkins-b310.git-155314e6e91465dad727e621a569906a410cd6f4] {}
	at org.spongepowered.asm.mixin.transformer.TargetClassContext.applyMixins(TargetClassContext.java:365) ~[mixin-0.8.5.jar:0.8.5+Jenkins-b310.git-155314e6e91465dad727e621a569906a410cd6f4] {}
	at org.spongepowered.asm.mixin.transformer.MixinProcessor.applyMixins(MixinProcessor.java:363) ~[mixin-0.8.5.jar:0.8.5+Jenkins-b310.git-155314e6e91465dad727e621a569906a410cd6f4] {}
	at org.spongepowered.asm.mixin.transformer.MixinTransformer.transformClass(MixinTransformer.java:250) ~[mixin-0.8.5.jar:0.8.5+Jenkins-b310.git-155314e6e91465dad727e621a569906a410cd6f4] {}
	at org.spongepowered.asm.service.modlauncher.MixinTransformationHandler.processClass(MixinTransformationHandler.java:131) ~[mixin-0.8.5.jar:0.8.5+Jenkins-b310.git-155314e6e91465dad727e621a569906a410cd6f4] {}
	at org.spongepowered.asm.launch.MixinLaunchPluginLegacy.processClass(MixinLaunchPluginLegacy.java:131) ~[mixin-0.8.5.jar:0.8.5+Jenkins-b310.git-155314e6e91465dad727e621a569906a410cd6f4] {}
	at cpw.mods.modlauncher.serviceapi.ILaunchPluginService.processClassWithFlags(ILaunchPluginService.java:156) ~[modlauncher-10.0.9.jar:10.0.9+10.0.9+main.dcd20f30] {}
	at cpw.mods.modlauncher.LaunchPluginHandler.offerClassNodeToPlugins(LaunchPluginHandler.java:88) ~[modlauncher-10.0.9.jar:?] {}
	at cpw.mods.modlauncher.ClassTransformer.transform(ClassTransformer.java:120) ~[modlauncher-10.0.9.jar:?] {}
	at cpw.mods.modlauncher.TransformingClassLoader.maybeTransformClassBytes(TransformingClassLoader.java:50) ~[modlauncher-10.0.9.jar:?] {}
	at cpw.mods.cl.ModuleClassLoader.readerToClass(ModuleClassLoader.java:113) ~[securejarhandler-2.1.10.jar:?] {}
	at cpw.mods.cl.ModuleClassLoader.lambda$findClass$15(ModuleClassLoader.java:219) ~[securejarhandler-2.1.10.jar:?] {}
	at cpw.mods.cl.ModuleClassLoader.loadFromModule(ModuleClassLoader.java:229) ~[securejarhandler-2.1.10.jar:?] {}
	at cpw.mods.cl.ModuleClassLoader.findClass(ModuleClassLoader.java:219) ~[securejarhandler-2.1.10.jar:?] {}
	at cpw.mods.cl.ModuleClassLoader.loadClass(ModuleClassLoader.java:135) ~[securejarhandler-2.1.10.jar:?] {}
	at java.lang.ClassLoader.loadClass(ClassLoader.java:525) ~[?:?] {}
	at net.arsenalists.createenergycannons.registry.CECBlockEntity.<clinit>(CECBlockEntity.java:21) ~[createenergycannons-0.1.8-mc1.20.1.jar%23336!/:0.1.8-+mc1.20.1] {re:classloading}
	at net.arsenalists.createenergycannons.CECMod.<init>(CECMod.java:28) ~[createenergycannons-0.1.8-mc1.20.1.jar%23336!/:0.1.8-+mc1.20.1] {re:classloading}
	at jdk.internal.reflect.NativeConstructorAccessorImpl.newInstance0(Native Method) ~[?:?] {}
	at jdk.internal.reflect.NativeConstructorAccessorImpl.newInstance(NativeConstructorAccessorImpl.java:77) ~[?:?] {}
	at jdk.internal.reflect.DelegatingConstructorAccessorImpl.newInstance(DelegatingConstructorAccessorImpl.java:45) ~[?:?] {}
	at java.lang.reflect.Constructor.newInstanceWithCaller(Constructor.java:499) ~[?:?] {}
	at java.lang.reflect.Constructor.newInstance(Constructor.java:480) ~[?:?] {}
	at net.minecraftforge.fml.javafmlmod.FMLModContainer.constructMod(FMLModContainer.java:77) ~[javafmllanguage-1.20.1-47.4.0.jar%23436!/:?] {}
	at net.minecraftforge.fml.ModContainer.lambda$buildTransitionHandler$5(ModContainer.java:126) ~[fmlcore-1.20.1-47.4.0.jar%23435!/:?] {re:mixin}
	at java.util.concurrent.CompletableFuture$AsyncRun.run(CompletableFuture.java:1804) ~[?:?] {}
	at java.util.concurrent.CompletableFuture$AsyncRun.exec(CompletableFuture.java:1796) ~[?:?] {}
	at java.util.concurrent.ForkJoinTask.doExec(ForkJoinTask.java:373) ~[?:?] {}
	at java.util.concurrent.ForkJoinPool$WorkQueue.topLevelExec(ForkJoinPool.java:1182) ~[?:?] {}
	at java.util.concurrent.ForkJoinPool.scan(ForkJoinPool.java:1655) ~[?:?] {re:mixin,re:computing_frames}
	at java.util.concurrent.ForkJoinPool.runWorker(ForkJoinPool.java:1622) ~[?:?] {re:mixin,re:computing_frames}
	at java.util.concurrent.ForkJoinWorkerThread.run(ForkJoinWorkerThread.java:165) ~[?:?] {re:mixin}


-- MOD createbigcannons --
Details:
	Caused by 0: org.spongepowered.asm.mixin.transformer.throwables.MixinTransformerError: An unexpected critical error was encountered
		at org.spongepowered.asm.mixin.transformer.MixinProcessor.applyMixins(MixinProcessor.java:392) ~[mixin-0.8.5.jar:0.8.5+Jenkins-b310.git-155314e6e91465dad727e621a569906a410cd6f4] {}
		at org.spongepowered.asm.mixin.transformer.MixinTransformer.transformClass(MixinTransformer.java:250) ~[mixin-0.8.5.jar:0.8.5+Jenkins-b310.git-155314e6e91465dad727e621a569906a410cd6f4] {}
		at org.spongepowered.asm.service.modlauncher.MixinTransformationHandler.processClass(MixinTransformationHandler.java:131) ~[mixin-0.8.5.jar:0.8.5+Jenkins-b310.git-155314e6e91465dad727e621a569906a410cd6f4] {}
		at org.spongepowered.asm.launch.MixinLaunchPluginLegacy.processClass(MixinLaunchPluginLegacy.java:131) ~[mixin-0.8.5.jar:0.8.5+Jenkins-b310.git-155314e6e91465dad727e621a569906a410cd6f4] {}
		at cpw.mods.modlauncher.serviceapi.ILaunchPluginService.processClassWithFlags(ILaunchPluginService.java:156) ~[modlauncher-10.0.9.jar:10.0.9+10.0.9+main.dcd20f30] {}
		at cpw.mods.modlauncher.LaunchPluginHandler.offerClassNodeToPlugins(LaunchPluginHandler.java:88) ~[modlauncher-10.0.9.jar:?] {}
		at cpw.mods.modlauncher.ClassTransformer.transform(ClassTransformer.java:120) ~[modlauncher-10.0.9.jar:?] {}
		at cpw.mods.modlauncher.TransformingClassLoader.maybeTransformClassBytes(TransformingClassLoader.java:50) ~[modlauncher-10.0.9.jar:?] {}
		at cpw.mods.cl.ModuleClassLoader.readerToClass(ModuleClassLoader.java:113) ~[securejarhandler-2.1.10.jar:?] {}
		at cpw.mods.cl.ModuleClassLoader.lambda$findClass$15(ModuleClassLoader.java:219) ~[securejarhandler-2.1.10.jar:?] {}
		at cpw.mods.cl.ModuleClassLoader.loadFromModule(ModuleClassLoader.java:229) ~[securejarhandler-2.1.10.jar:?] {}
		at cpw.mods.cl.ModuleClassLoader.findClass(ModuleClassLoader.java:219) ~[securejarhandler-2.1.10.jar:?] {}
		at cpw.mods.cl.ModuleClassLoader.loadClass(ModuleClassLoader.java:135) ~[securejarhandler-2.1.10.jar:?] {}
		at java.lang.ClassLoader.loadClass(ClassLoader.java:525) ~[?:?] {}
		at rbasamoyai.createbigcannons.index.CBCBlocks.<clinit>(CBCBlocks.java:932) ~[createbigcannons-5.8.2tt3-dev+mc.1.20.1-forge.jar%23333!/:?] {re:mixin,re:classloading}
		at rbasamoyai.createbigcannons.CreateBigCannons.init(CreateBigCannons.java:51) ~[createbigcannons-5.8.2tt3-dev+mc.1.20.1-forge.jar%23333!/:?] {re:classloading}
		at rbasamoyai.createbigcannons.forge.CreateBigCannonsForge.<init>(CreateBigCannonsForge.java:57) ~[createbigcannons-5.8.2tt3-dev+mc.1.20.1-forge.jar%23333!/:?] {re:classloading}
		at jdk.internal.reflect.NativeConstructorAccessorImpl.newInstance0(Native Method) ~[?:?] {}
		at jdk.internal.reflect.NativeConstructorAccessorImpl.newInstance(NativeConstructorAccessorImpl.java:77) ~[?:?] {}
		at jdk.internal.reflect.DelegatingConstructorAccessorImpl.newInstance(DelegatingConstructorAccessorImpl.java:45) ~[?:?] {}
		at java.lang.reflect.Constructor.newInstanceWithCaller(Constructor.java:499) ~[?:?] {}
		at java.lang.reflect.Constructor.newInstance(Constructor.java:480) ~[?:?] {}
		at net.minecraftforge.fml.javafmlmod.FMLModContainer.constructMod(FMLModContainer.java:77) ~[javafmllanguage-1.20.1-47.4.0.jar%23436!/:?] {}
		at net.minecraftforge.fml.ModContainer.lambda$buildTransitionHandler$5(ModContainer.java:126) ~[fmlcore-1.20.1-47.4.0.jar%23435!/:?] {re:mixin}
		at java.util.concurrent.CompletableFuture$AsyncRun.run(CompletableFuture.java:1804) ~[?:?] {}
		at java.util.concurrent.CompletableFuture$AsyncRun.exec(CompletableFuture.java:1796) ~[?:?] {}
		at java.util.concurrent.ForkJoinTask.doExec(ForkJoinTask.java:373) ~[?:?] {}
		at java.util.concurrent.ForkJoinPool$WorkQueue.topLevelExec(ForkJoinPool.java:1182) ~[?:?] {}
		at java.util.concurrent.ForkJoinPool.scan(ForkJoinPool.java:1655) ~[?:?] {re:mixin,re:computing_frames}
		at java.util.concurrent.ForkJoinPool.runWorker(ForkJoinPool.java:1622) ~[?:?] {re:mixin,re:computing_frames}
		at java.util.concurrent.ForkJoinWorkerThread.run(ForkJoinWorkerThread.java:165) ~[?:?] {re:mixin}

	Mod File: /C:/Users/Zero/curseforge/minecraft/Instances/ModernWarfare/mods/createbigcannons-5.8.2tt3-dev+mc.1.20.1-forge.jar
	Failure message: Create Big Cannons (createbigcannons) has failed to load correctly
		org.spongepowered.asm.mixin.transformer.throwables.MixinTransformerError: An unexpected critical error was encountered
	Mod Version: 5.8.2tt3
	Mod Issue URL: https://github.com/Cannoneers-of-Create/CreateBigCannons/issues
	Exception message: org.spongepowered.asm.mixin.throwables.ClassMetadataNotFoundException: riftyboi.cbcmodernwarfare.cannon_control.compact_mount.CompactCannonMountBlockEntity
Stacktrace:
	at org.spongepowered.asm.mixin.transformer.MixinPreProcessorStandard.transformMethod(MixinPreProcessorStandard.java:754) ~[mixin-0.8.5.jar:0.8.5+Jenkins-b310.git-155314e6e91465dad727e621a569906a410cd6f4] {}
	at org.spongepowered.asm.mixin.transformer.MixinPreProcessorStandard.transform(MixinPreProcessorStandard.java:739) ~[mixin-0.8.5.jar:0.8.5+Jenkins-b310.git-155314e6e91465dad727e621a569906a410cd6f4] {}
	at org.spongepowered.asm.mixin.transformer.MixinPreProcessorStandard.attach(MixinPreProcessorStandard.java:310) ~[mixin-0.8.5.jar:0.8.5+Jenkins-b310.git-155314e6e91465dad727e621a569906a410cd6f4] {}
	at org.spongepowered.asm.mixin.transformer.MixinPreProcessorStandard.createContextFor(MixinPreProcessorStandard.java:280) ~[mixin-0.8.5.jar:0.8.5+Jenkins-b310.git-155314e6e91465dad727e621a569906a410cd6f4] {}
	at org.spongepowered.asm.mixin.transformer.MixinInfo.createContextFor(MixinInfo.java:1288) ~[mixin-0.8.5.jar:0.8.5+Jenkins-b310.git-155314e6e91465dad727e621a569906a410cd6f4] {}
	at org.spongepowered.asm.mixin.transformer.MixinApplicatorStandard.apply(MixinApplicatorStandard.java:292) ~[mixin-0.8.5.jar:0.8.5+Jenkins-b310.git-155314e6e91465dad727e621a569906a410cd6f4] {}
	at org.spongepowered.asm.mixin.transformer.TargetClassContext.apply(TargetClassContext.java:383) ~[mixin-0.8.5.jar:0.8.5+Jenkins-b310.git-155314e6e91465dad727e621a569906a410cd6f4] {}
	at org.spongepowered.asm.mixin.transformer.TargetClassContext.applyMixins(TargetClassContext.java:365) ~[mixin-0.8.5.jar:0.8.5+Jenkins-b310.git-155314e6e91465dad727e621a569906a410cd6f4] {}
	at org.spongepowered.asm.mixin.transformer.MixinProcessor.applyMixins(MixinProcessor.java:363) ~[mixin-0.8.5.jar:0.8.5+Jenkins-b310.git-155314e6e91465dad727e621a569906a410cd6f4] {}
	at org.spongepowered.asm.mixin.transformer.MixinTransformer.transformClass(MixinTransformer.java:250) ~[mixin-0.8.5.jar:0.8.5+Jenkins-b310.git-155314e6e91465dad727e621a569906a410cd6f4] {}
	at org.spongepowered.asm.service.modlauncher.MixinTransformationHandler.processClass(MixinTransformationHandler.java:131) ~[mixin-0.8.5.jar:0.8.5+Jenkins-b310.git-155314e6e91465dad727e621a569906a410cd6f4] {}
	at org.spongepowered.asm.launch.MixinLaunchPluginLegacy.processClass(MixinLaunchPluginLegacy.java:131) ~[mixin-0.8.5.jar:0.8.5+Jenkins-b310.git-155314e6e91465dad727e621a569906a410cd6f4] {}
	at cpw.mods.modlauncher.serviceapi.ILaunchPluginService.processClassWithFlags(ILaunchPluginService.java:156) ~[modlauncher-10.0.9.jar:10.0.9+10.0.9+main.dcd20f30] {}
	at cpw.mods.modlauncher.LaunchPluginHandler.offerClassNodeToPlugins(LaunchPluginHandler.java:88) ~[modlauncher-10.0.9.jar:?] {}
	at cpw.mods.modlauncher.ClassTransformer.transform(ClassTransformer.java:120) ~[modlauncher-10.0.9.jar:?] {}
	at cpw.mods.modlauncher.TransformingClassLoader.maybeTransformClassBytes(TransformingClassLoader.java:50) ~[modlauncher-10.0.9.jar:?] {}
	at cpw.mods.cl.ModuleClassLoader.readerToClass(ModuleClassLoader.java:113) ~[securejarhandler-2.1.10.jar:?] {}
	at cpw.mods.cl.ModuleClassLoader.lambda$findClass$15(ModuleClassLoader.java:219) ~[securejarhandler-2.1.10.jar:?] {}
	at cpw.mods.cl.ModuleClassLoader.loadFromModule(ModuleClassLoader.java:229) ~[securejarhandler-2.1.10.jar:?] {}
	at cpw.mods.cl.ModuleClassLoader.findClass(ModuleClassLoader.java:219) ~[securejarhandler-2.1.10.jar:?] {}
	at cpw.mods.cl.ModuleClassLoader.loadClass(ModuleClassLoader.java:135) ~[securejarhandler-2.1.10.jar:?] {}
	at java.lang.ClassLoader.loadClass(ClassLoader.java:525) ~[?:?] {}
	at rbasamoyai.createbigcannons.index.CBCBlocks.<clinit>(CBCBlocks.java:932) ~[createbigcannons-5.8.2tt3-dev+mc.1.20.1-forge.jar%23333!/:?] {re:mixin,re:classloading}
	at rbasamoyai.createbigcannons.CreateBigCannons.init(CreateBigCannons.java:51) ~[createbigcannons-5.8.2tt3-dev+mc.1.20.1-forge.jar%23333!/:?] {re:classloading}
	at rbasamoyai.createbigcannons.forge.CreateBigCannonsForge.<init>(CreateBigCannonsForge.java:57) ~[createbigcannons-5.8.2tt3-dev+mc.1.20.1-forge.jar%23333!/:?] {re:classloading}
	at jdk.internal.reflect.NativeConstructorAccessorImpl.newInstance0(Native Method) ~[?:?] {}
	at jdk.internal.reflect.NativeConstructorAccessorImpl.newInstance(NativeConstructorAccessorImpl.java:77) ~[?:?] {}
	at jdk.internal.reflect.DelegatingConstructorAccessorImpl.newInstance(DelegatingConstructorAccessorImpl.java:45) ~[?:?] {}
	at java.lang.reflect.Constructor.newInstanceWithCaller(Constructor.java:499) ~[?:?] {}
	at java.lang.reflect.Constructor.newInstance(Constructor.java:480) ~[?:?] {}
	at net.minecraftforge.fml.javafmlmod.FMLModContainer.constructMod(FMLModContainer.java:77) ~[javafmllanguage-1.20.1-47.4.0.jar%23436!/:?] {}
	at net.minecraftforge.fml.ModContainer.lambda$buildTransitionHandler$5(ModContainer.java:126) ~[fmlcore-1.20.1-47.4.0.jar%23435!/:?] {re:mixin}
	at java.util.concurrent.CompletableFuture$AsyncRun.run(CompletableFuture.java:1804) ~[?:?] {}
	at java.util.concurrent.CompletableFuture$AsyncRun.exec(CompletableFuture.java:1796) ~[?:?] {}
	at java.util.concurrent.ForkJoinTask.doExec(ForkJoinTask.java:373) ~[?:?] {}
	at java.util.concurrent.ForkJoinPool$WorkQueue.topLevelExec(ForkJoinPool.java:1182) ~[?:?] {}
	at java.util.concurrent.ForkJoinPool.scan(ForkJoinPool.java:1655) ~[?:?] {re:mixin,re:computing_frames}
	at java.util.concurrent.ForkJoinPool.runWorker(ForkJoinPool.java:1622) ~[?:?] {re:mixin,re:computing_frames}
	at java.util.concurrent.ForkJoinWorkerThread.run(ForkJoinWorkerThread.java:165) ~[?:?] {re:mixin}


-- MOD cbcmoreshells --
Details:
	Caused by 0: org.spongepowered.asm.mixin.transformer.throwables.MixinTransformerError: An unexpected critical error was encountered
		at org.spongepowered.asm.mixin.transformer.MixinProcessor.applyMixins(MixinProcessor.java:392) ~[mixin-0.8.5.jar:0.8.5+Jenkins-b310.git-155314e6e91465dad727e621a569906a410cd6f4] {}
		at org.spongepowered.asm.mixin.transformer.MixinTransformer.transformClass(MixinTransformer.java:250) ~[mixin-0.8.5.jar:0.8.5+Jenkins-b310.git-155314e6e91465dad727e621a569906a410cd6f4] {}
		at org.spongepowered.asm.service.modlauncher.MixinTransformationHandler.processClass(MixinTransformationHandler.java:131) ~[mixin-0.8.5.jar:0.8.5+Jenkins-b310.git-155314e6e91465dad727e621a569906a410cd6f4] {}
		at org.spongepowered.asm.launch.MixinLaunchPluginLegacy.processClass(MixinLaunchPluginLegacy.java:131) ~[mixin-0.8.5.jar:0.8.5+Jenkins-b310.git-155314e6e91465dad727e621a569906a410cd6f4] {}
		at cpw.mods.modlauncher.serviceapi.ILaunchPluginService.processClassWithFlags(ILaunchPluginService.java:156) ~[modlauncher-10.0.9.jar:10.0.9+10.0.9+main.dcd20f30] {}
		at cpw.mods.modlauncher.LaunchPluginHandler.offerClassNodeToPlugins(LaunchPluginHandler.java:88) ~[modlauncher-10.0.9.jar:?] {}
		at cpw.mods.modlauncher.ClassTransformer.transform(ClassTransformer.java:120) ~[modlauncher-10.0.9.jar:?] {}
		at cpw.mods.modlauncher.TransformingClassLoader.maybeTransformClassBytes(TransformingClassLoader.java:50) ~[modlauncher-10.0.9.jar:?] {}
		at cpw.mods.cl.ModuleClassLoader.readerToClass(ModuleClassLoader.java:113) ~[securejarhandler-2.1.10.jar:?] {}
		at cpw.mods.cl.ModuleClassLoader.lambda$findClass$15(ModuleClassLoader.java:219) ~[securejarhandler-2.1.10.jar:?] {}
		at cpw.mods.cl.ModuleClassLoader.loadFromModule(ModuleClassLoader.java:229) ~[securejarhandler-2.1.10.jar:?] {}
		at cpw.mods.cl.ModuleClassLoader.findClass(ModuleClassLoader.java:219) ~[securejarhandler-2.1.10.jar:?] {}
		at cpw.mods.cl.ModuleClassLoader.loadClass(ModuleClassLoader.java:135) ~[securejarhandler-2.1.10.jar:?] {}
		at java.lang.ClassLoader.loadClass(ClassLoader.java:525) ~[?:?] {}
		at com.cainiao1053.cbcmoreshells.index.CBCMSContraptionTypes.<clinit>(CBCMSContraptionTypes.java:15) ~[cbcmoreshells-0.2.2.jar%23304!/:0.2.2] {re:classloading}
		at com.cainiao1053.cbcmoreshells.Cbcmoreshells.<init>(Cbcmoreshells.java:53) ~[cbcmoreshells-0.2.2.jar%23304!/:0.2.2] {re:classloading}
		at jdk.internal.reflect.NativeConstructorAccessorImpl.newInstance0(Native Method) ~[?:?] {}
		at jdk.internal.reflect.NativeConstructorAccessorImpl.newInstance(NativeConstructorAccessorImpl.java:77) ~[?:?] {}
		at jdk.internal.reflect.DelegatingConstructorAccessorImpl.newInstance(DelegatingConstructorAccessorImpl.java:45) ~[?:?] {}
		at java.lang.reflect.Constructor.newInstanceWithCaller(Constructor.java:499) ~[?:?] {}
		at java.lang.reflect.Constructor.newInstance(Constructor.java:480) ~[?:?] {}
		at net.minecraftforge.fml.javafmlmod.FMLModContainer.constructMod(FMLModContainer.java:77) ~[javafmllanguage-1.20.1-47.4.0.jar%23436!/:?] {}
		at net.minecraftforge.fml.ModContainer.lambda$buildTransitionHandler$5(ModContainer.java:126) ~[fmlcore-1.20.1-47.4.0.jar%23435!/:?] {re:mixin}
		at java.util.concurrent.CompletableFuture$AsyncRun.run(CompletableFuture.java:1804) ~[?:?] {}
		at java.util.concurrent.CompletableFuture$AsyncRun.exec(CompletableFuture.java:1796) ~[?:?] {}
		at java.util.concurrent.ForkJoinTask.doExec(ForkJoinTask.java:373) ~[?:?] {}
		at java.util.concurrent.ForkJoinPool$WorkQueue.topLevelExec(ForkJoinPool.java:1182) ~[?:?] {}
		at java.util.concurrent.ForkJoinPool.scan(ForkJoinPool.java:1655) ~[?:?] {re:mixin,re:computing_frames}
		at java.util.concurrent.ForkJoinPool.runWorker(ForkJoinPool.java:1622) ~[?:?] {re:mixin,re:computing_frames}
		at java.util.concurrent.ForkJoinWorkerThread.run(ForkJoinWorkerThread.java:165) ~[?:?] {re:mixin}

	Mod File: /C:/Users/Zero/curseforge/minecraft/Instances/ModernWarfare/mods/cbcmoreshells-0.2.2.jar
	Failure message: Create Big Cannons More Shells (cbcmoreshells) has failed to load correctly
		org.spongepowered.asm.mixin.transformer.throwables.MixinTransformerError: An unexpected critical error was encountered
	Mod Version: 0.2.2-1.20.1
	Mod Issue URL: NOT PROVIDED
	Exception message: org.spongepowered.asm.mixin.throwables.ClassMetadataNotFoundException: riftyboi.cbcmodernwarfare.cannon_control.compact_mount.CompactCannonMountBlockEntity
Stacktrace:
	at org.spongepowered.asm.mixin.transformer.MixinPreProcessorStandard.transformMethod(MixinPreProcessorStandard.java:754) ~[mixin-0.8.5.jar:0.8.5+Jenkins-b310.git-155314e6e91465dad727e621a569906a410cd6f4] {}
	at org.spongepowered.asm.mixin.transformer.MixinPreProcessorStandard.transform(MixinPreProcessorStandard.java:739) ~[mixin-0.8.5.jar:0.8.5+Jenkins-b310.git-155314e6e91465dad727e621a569906a410cd6f4] {}
	at org.spongepowered.asm.mixin.transformer.MixinPreProcessorStandard.attach(MixinPreProcessorStandard.java:310) ~[mixin-0.8.5.jar:0.8.5+Jenkins-b310.git-155314e6e91465dad727e621a569906a410cd6f4] {}
	at org.spongepowered.asm.mixin.transformer.MixinPreProcessorStandard.createContextFor(MixinPreProcessorStandard.java:280) ~[mixin-0.8.5.jar:0.8.5+Jenkins-b310.git-155314e6e91465dad727e621a569906a410cd6f4] {}
	at org.spongepowered.asm.mixin.transformer.MixinInfo.createContextFor(MixinInfo.java:1288) ~[mixin-0.8.5.jar:0.8.5+Jenkins-b310.git-155314e6e91465dad727e621a569906a410cd6f4] {}
	at org.spongepowered.asm.mixin.transformer.MixinApplicatorStandard.apply(MixinApplicatorStandard.java:292) ~[mixin-0.8.5.jar:0.8.5+Jenkins-b310.git-155314e6e91465dad727e621a569906a410cd6f4] {}
	at org.spongepowered.asm.mixin.transformer.TargetClassContext.apply(TargetClassContext.java:383) ~[mixin-0.8.5.jar:0.8.5+Jenkins-b310.git-155314e6e91465dad727e621a569906a410cd6f4] {}
	at org.spongepowered.asm.mixin.transformer.TargetClassContext.applyMixins(TargetClassContext.java:365) ~[mixin-0.8.5.jar:0.8.5+Jenkins-b310.git-155314e6e91465dad727e621a569906a410cd6f4] {}
	at org.spongepowered.asm.mixin.transformer.MixinProcessor.applyMixins(MixinProcessor.java:363) ~[mixin-0.8.5.jar:0.8.5+Jenkins-b310.git-155314e6e91465dad727e621a569906a410cd6f4] {}
	at org.spongepowered.asm.mixin.transformer.MixinTransformer.transformClass(MixinTransformer.java:250) ~[mixin-0.8.5.jar:0.8.5+Jenkins-b310.git-155314e6e91465dad727e621a569906a410cd6f4] {}
	at org.spongepowered.asm.service.modlauncher.MixinTransformationHandler.processClass(MixinTransformationHandler.java:131) ~[mixin-0.8.5.jar:0.8.5+Jenkins-b310.git-155314e6e91465dad727e621a569906a410cd6f4] {}
	at org.spongepowered.asm.launch.MixinLaunchPluginLegacy.processClass(MixinLaunchPluginLegacy.java:131) ~[mixin-0.8.5.jar:0.8.5+Jenkins-b310.git-155314e6e91465dad727e621a569906a410cd6f4] {}
	at cpw.mods.modlauncher.serviceapi.ILaunchPluginService.processClassWithFlags(ILaunchPluginService.java:156) ~[modlauncher-10.0.9.jar:10.0.9+10.0.9+main.dcd20f30] {}
	at cpw.mods.modlauncher.LaunchPluginHandler.offerClassNodeToPlugins(LaunchPluginHandler.java:88) ~[modlauncher-10.0.9.jar:?] {}
	at cpw.mods.modlauncher.ClassTransformer.transform(ClassTransformer.java:120) ~[modlauncher-10.0.9.jar:?] {}
	at cpw.mods.modlauncher.TransformingClassLoader.maybeTransformClassBytes(TransformingClassLoader.java:50) ~[modlauncher-10.0.9.jar:?] {}
	at cpw.mods.cl.ModuleClassLoader.readerToClass(ModuleClassLoader.java:113) ~[securejarhandler-2.1.10.jar:?] {}
	at cpw.mods.cl.ModuleClassLoader.lambda$findClass$15(ModuleClassLoader.java:219) ~[securejarhandler-2.1.10.jar:?] {}
	at cpw.mods.cl.ModuleClassLoader.loadFromModule(ModuleClassLoader.java:229) ~[securejarhandler-2.1.10.jar:?] {}
	at cpw.mods.cl.ModuleClassLoader.findClass(ModuleClassLoader.java:219) ~[securejarhandler-2.1.10.jar:?] {}
	at cpw.mods.cl.ModuleClassLoader.loadClass(ModuleClassLoader.java:135) ~[securejarhandler-2.1.10.jar:?] {}
	at java.lang.ClassLoader.loadClass(ClassLoader.java:525) ~[?:?] {}
	at com.cainiao1053.cbcmoreshells.index.CBCMSContraptionTypes.<clinit>(CBCMSContraptionTypes.java:15) ~[cbcmoreshells-0.2.2.jar%23304!/:0.2.2] {re:classloading}
	at com.cainiao1053.cbcmoreshells.Cbcmoreshells.<init>(Cbcmoreshells.java:53) ~[cbcmoreshells-0.2.2.jar%23304!/:0.2.2] {re:classloading}
	at jdk.internal.reflect.NativeConstructorAccessorImpl.newInstance0(Native Method) ~[?:?] {}
	at jdk.internal.reflect.NativeConstructorAccessorImpl.newInstance(NativeConstructorAccessorImpl.java:77) ~[?:?] {}
	at jdk.internal.reflect.DelegatingConstructorAccessorImpl.newInstance(DelegatingConstructorAccessorImpl.java:45) ~[?:?] {}
	at java.lang.reflect.Constructor.newInstanceWithCaller(Constructor.java:499) ~[?:?] {}
	at java.lang.reflect.Constructor.newInstance(Constructor.java:480) ~[?:?] {}
	at net.minecraftforge.fml.javafmlmod.FMLModContainer.constructMod(FMLModContainer.java:77) ~[javafmllanguage-1.20.1-47.4.0.jar%23436!/:?] {}
	at net.minecraftforge.fml.ModContainer.lambda$buildTransitionHandler$5(ModContainer.java:126) ~[fmlcore-1.20.1-47.4.0.jar%23435!/:?] {re:mixin}
	at java.util.concurrent.CompletableFuture$AsyncRun.run(CompletableFuture.java:1804) ~[?:?] {}
	at java.util.concurrent.CompletableFuture$AsyncRun.exec(CompletableFuture.java:1796) ~[?:?] {}
	at java.util.concurrent.ForkJoinTask.doExec(ForkJoinTask.java:373) ~[?:?] {}
	at java.util.concurrent.ForkJoinPool$WorkQueue.topLevelExec(ForkJoinPool.java:1182) ~[?:?] {}
	at java.util.concurrent.ForkJoinPool.scan(ForkJoinPool.java:1655) ~[?:?] {re:mixin,re:computing_frames}
	at java.util.concurrent.ForkJoinPool.runWorker(ForkJoinPool.java:1622) ~[?:?] {re:mixin,re:computing_frames}
	at java.util.concurrent.ForkJoinWorkerThread.run(ForkJoinWorkerThread.java:165) ~[?:?] {re:mixin}


-- MOD cbc_at --
Details:
	Caused by 0: org.spongepowered.asm.mixin.transformer.throwables.MixinTransformerError: An unexpected critical error was encountered
		at org.spongepowered.asm.mixin.transformer.MixinProcessor.applyMixins(MixinProcessor.java:392) ~[mixin-0.8.5.jar:0.8.5+Jenkins-b310.git-155314e6e91465dad727e621a569906a410cd6f4] {}
		at org.spongepowered.asm.mixin.transformer.MixinTransformer.transformClass(MixinTransformer.java:250) ~[mixin-0.8.5.jar:0.8.5+Jenkins-b310.git-155314e6e91465dad727e621a569906a410cd6f4] {}
		at org.spongepowered.asm.service.modlauncher.MixinTransformationHandler.processClass(MixinTransformationHandler.java:131) ~[mixin-0.8.5.jar:0.8.5+Jenkins-b310.git-155314e6e91465dad727e621a569906a410cd6f4] {}
		at org.spongepowered.asm.launch.MixinLaunchPluginLegacy.processClass(MixinLaunchPluginLegacy.java:131) ~[mixin-0.8.5.jar:0.8.5+Jenkins-b310.git-155314e6e91465dad727e621a569906a410cd6f4] {}
		at cpw.mods.modlauncher.serviceapi.ILaunchPluginService.processClassWithFlags(ILaunchPluginService.java:156) ~[modlauncher-10.0.9.jar:10.0.9+10.0.9+main.dcd20f30] {}
		at cpw.mods.modlauncher.LaunchPluginHandler.offerClassNodeToPlugins(LaunchPluginHandler.java:88) ~[modlauncher-10.0.9.jar:?] {}
		at cpw.mods.modlauncher.ClassTransformer.transform(ClassTransformer.java:120) ~[modlauncher-10.0.9.jar:?] {}
		at cpw.mods.modlauncher.TransformingClassLoader.maybeTransformClassBytes(TransformingClassLoader.java:50) ~[modlauncher-10.0.9.jar:?] {}
		at cpw.mods.cl.ModuleClassLoader.readerToClass(ModuleClassLoader.java:113) ~[securejarhandler-2.1.10.jar:?] {}
		at cpw.mods.cl.ModuleClassLoader.lambda$findClass$15(ModuleClassLoader.java:219) ~[securejarhandler-2.1.10.jar:?] {}
		at cpw.mods.cl.ModuleClassLoader.loadFromModule(ModuleClassLoader.java:229) ~[securejarhandler-2.1.10.jar:?] {}
		at cpw.mods.cl.ModuleClassLoader.findClass(ModuleClassLoader.java:219) ~[securejarhandler-2.1.10.jar:?] {}
		at cpw.mods.cl.ModuleClassLoader.loadClass(ModuleClassLoader.java:135) ~[securejarhandler-2.1.10.jar:?] {}
		at java.lang.ClassLoader.loadClass(ClassLoader.java:525) ~[?:?] {}
		at com.dsvv.cbcat.registry.BlockEntityRegister.<clinit>(BlockEntityRegister.java:76) ~[cbc_at_Forge_1.20.1_0.1.3b(create5).jar%23303!/:com.dsvv] {re:classloading}
		at com.dsvv.cbcat.CreateBigCannons_AdvancedTechnology.<init>(CreateBigCannons_AdvancedTechnology.java:51) ~[cbc_at_Forge_1.20.1_0.1.3b(create5).jar%23303!/:com.dsvv] {re:classloading}
		at jdk.internal.reflect.NativeConstructorAccessorImpl.newInstance0(Native Method) ~[?:?] {}
		at jdk.internal.reflect.NativeConstructorAccessorImpl.newInstance(NativeConstructorAccessorImpl.java:77) ~[?:?] {}
		at jdk.internal.reflect.DelegatingConstructorAccessorImpl.newInstance(DelegatingConstructorAccessorImpl.java:45) ~[?:?] {}
		at java.lang.reflect.Constructor.newInstanceWithCaller(Constructor.java:499) ~[?:?] {}
		at java.lang.reflect.Constructor.newInstance(Constructor.java:480) ~[?:?] {}
		at net.minecraftforge.fml.javafmlmod.FMLModContainer.constructMod(FMLModContainer.java:77) ~[javafmllanguage-1.20.1-47.4.0.jar%23436!/:?] {}
		at net.minecraftforge.fml.ModContainer.lambda$buildTransitionHandler$5(ModContainer.java:126) ~[fmlcore-1.20.1-47.4.0.jar%23435!/:?] {re:mixin}
		at java.util.concurrent.CompletableFuture$AsyncRun.run(CompletableFuture.java:1804) ~[?:?] {}
		at java.util.concurrent.CompletableFuture$AsyncRun.exec(CompletableFuture.java:1796) ~[?:?] {}
		at java.util.concurrent.ForkJoinTask.doExec(ForkJoinTask.java:373) ~[?:?] {}
		at java.util.concurrent.ForkJoinPool$WorkQueue.topLevelExec(ForkJoinPool.java:1182) ~[?:?] {}
		at java.util.concurrent.ForkJoinPool.scan(ForkJoinPool.java:1655) ~[?:?] {re:mixin,re:computing_frames}
		at java.util.concurrent.ForkJoinPool.runWorker(ForkJoinPool.java:1622) ~[?:?] {re:mixin,re:computing_frames}
		at java.util.concurrent.ForkJoinWorkerThread.run(ForkJoinWorkerThread.java:165) ~[?:?] {re:mixin}

	Mod File: /C:/Users/Zero/curseforge/minecraft/Instances/ModernWarfare/mods/cbc_at_Forge_1.20.1_0.1.3b(create5).jar
	Failure message: CBC Advanced Technology (cbc_at) has failed to load correctly
		org.spongepowered.asm.mixin.transformer.throwables.MixinTransformerError: An unexpected critical error was encountered
	Mod Version: 0.1.2b-1.20.1
	Mod Issue URL: NOT PROVIDED
	Exception message: org.spongepowered.asm.mixin.throwables.ClassMetadataNotFoundException: riftyboi.cbcmodernwarfare.cannon_control.compact_mount.CompactCannonMountBlockEntity
Stacktrace:
	at org.spongepowered.asm.mixin.transformer.MixinPreProcessorStandard.transformMethod(MixinPreProcessorStandard.java:754) ~[mixin-0.8.5.jar:0.8.5+Jenkins-b310.git-155314e6e91465dad727e621a569906a410cd6f4] {}
	at org.spongepowered.asm.mixin.transformer.MixinPreProcessorStandard.transform(MixinPreProcessorStandard.java:739) ~[mixin-0.8.5.jar:0.8.5+Jenkins-b310.git-155314e6e91465dad727e621a569906a410cd6f4] {}
	at org.spongepowered.asm.mixin.transformer.MixinPreProcessorStandard.attach(MixinPreProcessorStandard.java:310) ~[mixin-0.8.5.jar:0.8.5+Jenkins-b310.git-155314e6e91465dad727e621a569906a410cd6f4] {}
	at org.spongepowered.asm.mixin.transformer.MixinPreProcessorStandard.createContextFor(MixinPreProcessorStandard.java:280) ~[mixin-0.8.5.jar:0.8.5+Jenkins-b310.git-155314e6e91465dad727e621a569906a410cd6f4] {}
	at org.spongepowered.asm.mixin.transformer.MixinInfo.createContextFor(MixinInfo.java:1288) ~[mixin-0.8.5.jar:0.8.5+Jenkins-b310.git-155314e6e91465dad727e621a569906a410cd6f4] {}
	at org.spongepowered.asm.mixin.transformer.MixinApplicatorStandard.apply(MixinApplicatorStandard.java:292) ~[mixin-0.8.5.jar:0.8.5+Jenkins-b310.git-155314e6e91465dad727e621a569906a410cd6f4] {}
	at org.spongepowered.asm.mixin.transformer.TargetClassContext.apply(TargetClassContext.java:383) ~[mixin-0.8.5.jar:0.8.5+Jenkins-b310.git-155314e6e91465dad727e621a569906a410cd6f4] {}
	at org.spongepowered.asm.mixin.transformer.TargetClassContext.applyMixins(TargetClassContext.java:365) ~[mixin-0.8.5.jar:0.8.5+Jenkins-b310.git-155314e6e91465dad727e621a569906a410cd6f4] {}
	at org.spongepowered.asm.mixin.transformer.MixinProcessor.applyMixins(MixinProcessor.java:363) ~[mixin-0.8.5.jar:0.8.5+Jenkins-b310.git-155314e6e91465dad727e621a569906a410cd6f4] {}
	at org.spongepowered.asm.mixin.transformer.MixinTransformer.transformClass(MixinTransformer.java:250) ~[mixin-0.8.5.jar:0.8.5+Jenkins-b310.git-155314e6e91465dad727e621a569906a410cd6f4] {}
	at org.spongepowered.asm.service.modlauncher.MixinTransformationHandler.processClass(MixinTransformationHandler.java:131) ~[mixin-0.8.5.jar:0.8.5+Jenkins-b310.git-155314e6e91465dad727e621a569906a410cd6f4] {}
	at org.spongepowered.asm.launch.MixinLaunchPluginLegacy.processClass(MixinLaunchPluginLegacy.java:131) ~[mixin-0.8.5.jar:0.8.5+Jenkins-b310.git-155314e6e91465dad727e621a569906a410cd6f4] {}
	at cpw.mods.modlauncher.serviceapi.ILaunchPluginService.processClassWithFlags(ILaunchPluginService.java:156) ~[modlauncher-10.0.9.jar:10.0.9+10.0.9+main.dcd20f30] {}
	at cpw.mods.modlauncher.LaunchPluginHandler.offerClassNodeToPlugins(LaunchPluginHandler.java:88) ~[modlauncher-10.0.9.jar:?] {}
	at cpw.mods.modlauncher.ClassTransformer.transform(ClassTransformer.java:120) ~[modlauncher-10.0.9.jar:?] {}
	at cpw.mods.modlauncher.TransformingClassLoader.maybeTransformClassBytes(TransformingClassLoader.java:50) ~[modlauncher-10.0.9.jar:?] {}
	at cpw.mods.cl.ModuleClassLoader.readerToClass(ModuleClassLoader.java:113) ~[securejarhandler-2.1.10.jar:?] {}
	at cpw.mods.cl.ModuleClassLoader.lambda$findClass$15(ModuleClassLoader.java:219) ~[securejarhandler-2.1.10.jar:?] {}
	at cpw.mods.cl.ModuleClassLoader.loadFromModule(ModuleClassLoader.java:229) ~[securejarhandler-2.1.10.jar:?] {}
	at cpw.mods.cl.ModuleClassLoader.findClass(ModuleClassLoader.java:219) ~[securejarhandler-2.1.10.jar:?] {}
	at cpw.mods.cl.ModuleClassLoader.loadClass(ModuleClassLoader.java:135) ~[securejarhandler-2.1.10.jar:?] {}
	at java.lang.ClassLoader.loadClass(ClassLoader.java:525) ~[?:?] {}
	at com.dsvv.cbcat.registry.BlockEntityRegister.<clinit>(BlockEntityRegister.java:76) ~[cbc_at_Forge_1.20.1_0.1.3b(create5).jar%23303!/:com.dsvv] {re:classloading}
	at com.dsvv.cbcat.CreateBigCannons_AdvancedTechnology.<init>(CreateBigCannons_AdvancedTechnology.java:51) ~[cbc_at_Forge_1.20.1_0.1.3b(create5).jar%23303!/:com.dsvv] {re:classloading}
	at jdk.internal.reflect.NativeConstructorAccessorImpl.newInstance0(Native Method) ~[?:?] {}
	at jdk.internal.reflect.NativeConstructorAccessorImpl.newInstance(NativeConstructorAccessorImpl.java:77) ~[?:?] {}
	at jdk.internal.reflect.DelegatingConstructorAccessorImpl.newInstance(DelegatingConstructorAccessorImpl.java:45) ~[?:?] {}
	at java.lang.reflect.Constructor.newInstanceWithCaller(Constructor.java:499) ~[?:?] {}
	at java.lang.reflect.Constructor.newInstance(Constructor.java:480) ~[?:?] {}
	at net.minecraftforge.fml.javafmlmod.FMLModContainer.constructMod(FMLModContainer.java:77) ~[javafmllanguage-1.20.1-47.4.0.jar%23436!/:?] {}
	at net.minecraftforge.fml.ModContainer.lambda$buildTransitionHandler$5(ModContainer.java:126) ~[fmlcore-1.20.1-47.4.0.jar%23435!/:?] {re:mixin}
	at java.util.concurrent.CompletableFuture$AsyncRun.run(CompletableFuture.java:1804) ~[?:?] {}
	at java.util.concurrent.CompletableFuture$AsyncRun.exec(CompletableFuture.java:1796) ~[?:?] {}
	at java.util.concurrent.ForkJoinTask.doExec(ForkJoinTask.java:373) ~[?:?] {}
	at java.util.concurrent.ForkJoinPool$WorkQueue.topLevelExec(ForkJoinPool.java:1182) ~[?:?] {}
	at java.util.concurrent.ForkJoinPool.scan(ForkJoinPool.java:1655) ~[?:?] {re:mixin,re:computing_frames}
	at java.util.concurrent.ForkJoinPool.runWorker(ForkJoinPool.java:1622) ~[?:?] {re:mixin,re:computing_frames}
	at java.util.concurrent.ForkJoinWorkerThread.run(ForkJoinWorkerThread.java:165) ~[?:?] {re:mixin}


-- System Details --
Details:
	Minecraft Version: 1.20.1
	Minecraft Version ID: 1.20.1
	Operating System: Windows 11 (amd64) version 10.0
	Java Version: 17.0.17, Oracle Corporation
	Java VM Version: Java HotSpot(TM) 64-Bit Server VM (mixed mode, sharing), Oracle Corporation
	Memory: 1012303096 bytes (965 MiB) / 2583691264 bytes (2464 MiB) up to 21474836480 bytes (20480 MiB)
	CPUs: 12
	Processor Vendor: GenuineIntel
	Processor Name: 12th Gen Intel(R) Core(TM) i5-12400F
	Identifier: Intel64 Family 6 Model 151 Stepping 5
	Microarchitecture: Alder Lake
	Frequency (GHz): 2.50
	Number of physical packages: 1
	Number of physical CPUs: 6
	Number of logical CPUs: 12
	Graphics card #0 name: NVIDIA GeForce RTX 3060 Ti
	Graphics card #0 vendor: NVIDIA (0x10de)
	Graphics card #0 VRAM (MB): 4095.00
	Graphics card #0 deviceId: 0x2489
	Graphics card #0 versionInfo: DriverVersion=32.0.15.8180
	Memory slot #0 capacity (MB): 8192.00
	Memory slot #0 clockSpeed (GHz): 2.13
	Memory slot #0 type: DDR4
	Memory slot #1 capacity (MB): 8192.00
	Memory slot #1 clockSpeed (GHz): 2.13
	Memory slot #1 type: DDR4
	Memory slot #2 capacity (MB): 8192.00
	Memory slot #2 clockSpeed (GHz): 2.13
	Memory slot #2 type: DDR4
	Memory slot #3 capacity (MB): 8192.00
	Memory slot #3 clockSpeed (GHz): 2.13
	Memory slot #3 type: DDR4
	Virtual memory max (MB): 38807.27
	Virtual memory used (MB): 17166.83
	Swap memory total (MB): 6207.21
	Swap memory used (MB): 1898.96
	JVM Flags: 23 total; -XX:ThreadPriorityPolicy=1 -XX:+UnlockExperimentalVMOptions -XX:+EnableJVMCIProduct -XX:-UnlockExperimentalVMOptions -XX:+UnlockExperimentalVMOptions -XX:+UnlockDiagnosticVMOptions -XX:+AlwaysActAsServerClassMachine -XX:+AlwaysPreTouch -XX:+DisableExplicitGC -XX:+UseNUMA -XX:AllocatePrefetchStyle=3 -XX:NmethodSweepActivity=1 -XX:ReservedCodeCacheSize=400M -XX:NonNMethodCodeHeapSize=12M -XX:ProfiledCodeHeapSize=194M -XX:NonProfiledCodeHeapSize=194M -XX:-DontCompileHugeMethods -XX:+PerfDisableSharedMem -XX:+UseFastUnorderedTimeStamps -XX:+UseCriticalJavaThreadPriority -XX:+EagerJVMCI -Xmx20480m -XX:HeapDumpPath=MojangTricksIntelDriversForPerformance_javaw.exe_minecraft.exe.heapdump
	ModLauncher: 10.0.9+10.0.9+main.dcd20f30
	ModLauncher launch target: forgeclient
	ModLauncher naming: srg
	ModLauncher services: 
		mixin-0.8.5.jar mixin PLUGINSERVICE 
		eventbus-6.0.5.jar eventbus PLUGINSERVICE 
		fmlloader-1.20.1-47.4.0.jar slf4jfixer PLUGINSERVICE 
		fmlloader-1.20.1-47.4.0.jar object_holder_definalize PLUGINSERVICE 
		fmlloader-1.20.1-47.4.0.jar runtime_enum_extender PLUGINSERVICE 
		fmlloader-1.20.1-47.4.0.jar capability_token_subclass PLUGINSERVICE 
		accesstransformers-8.0.4.jar accesstransformer PLUGINSERVICE 
		fmlloader-1.20.1-47.4.0.jar runtimedistcleaner PLUGINSERVICE 
		modlauncher-10.0.9.jar mixin TRANSFORMATIONSERVICE 
		modlauncher-10.0.9.jar fml TRANSFORMATIONSERVICE 
	FML Language Providers: 
		minecraft@1.0
		kotlinforforge@4.11.0
		javafml@null
		lowcodefml@null
	Mod List: 
		AdvancedPeripherals-1.20.1-0.7.41r.jar            |Advanced Peripherals          |advancedperipherals           |0.7.41r             |COMMON_SET|Manifest: NOSIGNATURE
		sodiumextras-forge-1.0.7-1.20.1.jar               |Sodium Extras                 |sodiumextras                  |1.0.6               |COMMON_SET|Manifest: NOSIGNATURE
		cbcwariumvs-1.0.0.jar                             |CBC: Warium Projectiles with V|shupapiumvs                   |1.0.0               |COMMON_SET|Manifest: NOSIGNATURE
		geckolib-forge-1.20.1-4.7.4.jar                   |GeckoLib 4                    |geckolib                      |4.7.4               |COMMON_SET|Manifest: NOSIGNATURE
		cccbridge-mc1.20.1-forge-1.6.3.jar                |CC:C Bridge                   |cccbridge                     |1.6.3-forge         |COMMON_SET|Manifest: NOSIGNATURE
		botarium-forge-1.20.1-2.3.4.jar                   |Botarium                      |botarium                      |2.3.4               |COMMON_SET|Manifest: NOSIGNATURE
		taczaddon-1.20.1-1.1.6.jar                        |TACZ-addon                    |taczaddon                     |1.1.6               |COMMON_SET|Manifest: NOSIGNATURE
		connectivity-1.20.1-7.1.jar                       |Connectivity Mod              |connectivity                  |1.20.1-7.1          |COMMON_SET|Manifest: NOSIGNATURE
		rsgauges-1.2.22.jar                               |Gauges and Switches           |rsgauges                      |1.2.22              |COMMON_SET|Manifest: NOSIGNATURE
		CreateTankDefenses v0.80.jar                      |Create: Tank Defenses         |create_tank_defenses          |0.80                |COMMON_SET|Manifest: NOSIGNATURE
		ritchiesprojectilelib-2.1.0+mc.1.20.1-forge.jar   |Ritchie's Projectile Library  |ritchiesprojectilelib         |2.1.0               |COMMON_SET|Manifest: NOSIGNATURE
		XaerosWorldMap_1.39.12_Forge_1.20.jar             |Xaero's World Map             |xaeroworldmap                 |1.39.12             |COMMON_SET|Manifest: NOSIGNATURE
		modernfix-forge-5.20.0+mc1.20.1.jar               |ModernFix                     |modernfix                     |5.20.0+mc1.20.1     |COMMON_SET|Manifest: NOSIGNATURE
		fire_extinguisher-forge-1.20.1-8.3.0.jar          |Fire Extinguisher             |fire_extinguisher             |8.3.0               |COMMON_SET|Manifest: NOSIGNATURE
		mixinextras-forge-0.5.0-beta.2.jar                |MixinExtras                   |mixinextras                   |0.5.0-beta.2        |COMMON_SET|Manifest: NOSIGNATURE
		[1.20.1 Forge]Some-Peripherals-0.0.12.jar         |Some Peripherals              |some_peripherals              |0.0.12              |COMMON_SET|Manifest: NOSIGNATURE
		create_dragon_lib-1.20.1-1.4.3.jar                |Create: Dragon Lib            |create_dragon_lib             |1.4.3               |COMMON_SET|Manifest: NOSIGNATURE
		createdieselgenerators-1.20.1-1.2i.jar            |Create Diesel Generators      |createdieselgenerators        |1.20.1-1.2i         |COMMON_SET|Manifest: NOSIGNATURE
		smallarm-3.0ax.jar                                |Smallarms mod                 |smallarm                      |3.0ax               |COMMON_SET|Manifest: NOSIGNATURE
		Steam_Rails-1.6.7+forge-mc1.20.1.jar              |Create: Steam 'n' Rails       |railways                      |1.6.7+forge-mc1.20.1|COMMON_SET|Manifest: NOSIGNATURE
		create-new-age-forge-1.20.1-1.1.2.jar             |Create: New Age               |create_new_age                |1.1.2               |COMMON_SET|Manifest: NOSIGNATURE
		sodiumoptionsapi-forge-1.0.10-1.20.1.jar          |Sodium Options API            |sodiumoptionsapi              |1.0.10              |COMMON_SET|Manifest: NOSIGNATURE
		JustEnoughResources-1.20.1-1.4.0.247.jar          |Just Enough Resources         |jeresources                   |1.4.0.247           |COMMON_SET|Manifest: NOSIGNATURE
		interiors-0.5.6+forge-mc1.20.1-build.104.jar      |Create: Interiors             |interiors                     |0.5.6               |COMMON_SET|Manifest: NOSIGNATURE
		cloth-config-forge-11.1.106.jar                   |Cloth Config v10 API          |cloth_config                  |11.1.106            |COMMON_SET|Manifest: NOSIGNATURE
		sound-physics-remastered-forge-1.20.1-1.4.8.jar   |Sound Physics Remastered      |sound_physics_remastered      |1.20.1-1.4.8        |COMMON_SET|Manifest: NOSIGNATURE
		Elite X Quality Guns Forge v4.2 - 1.20.1.jar      |Elite X Quality Guns          |elitex                        |4.2                 |COMMON_SET|Manifest: NOSIGNATURE
		sodiumdynamiclights-forge-1.0.10-1.20.1.jar       |Sodium Dynamic Lights         |sodiumdynamiclights           |1.0.9               |COMMON_SET|Manifest: NOSIGNATURE
		embeddium-0.3.31+mc1.20.1.jar                     |Embeddium                     |embeddium                     |0.3.31+mc1.20.1     |COMMON_SET|Manifest: NOSIGNATURE
		torchmaster-20.1.9.jar                            |Torchmaster                   |torchmaster                   |20.1.9              |COMMON_SET|Manifest: NOSIGNATURE
		AmbientSounds_FORGE_v6.1.8_mc1.20.1.jar           |AmbientSounds                 |ambientsounds                 |6.1.8               |COMMON_SET|Manifest: NOSIGNATURE
		Chunky-1.3.146.jar                                |Chunky                        |chunky                        |1.3.146             |COMMON_SET|Manifest: NOSIGNATURE
		supermartijn642corelib-1.1.18-forge-mc1.20.1.jar  |SuperMartijn642's Core Lib    |supermartijn642corelib        |1.1.18              |COMMON_SET|Manifest: NOSIGNATURE
		copiescats-0.0.1-1.20.1.jar                       |Copies & Cats                 |copiescats                    |0.0.1-1.20.1        |COMMON_SET|Manifest: NOSIGNATURE
		ClockworkAdditions-1.20.1-0.0.6-forge-and-fabric.j|Clockwork Additions           |clockworkadditions            |1.20.1-0.0.6        |COMMON_SET|Manifest: NOSIGNATURE
		GoProne-forge-1.20.1-3.1.1.jar                    |GoProne                       |goprone                       |3.1.1               |COMMON_SET|Manifest: NOSIGNATURE
		curios-forge-5.14.1+1.20.1.jar                    |Curios API                    |curios                        |5.14.1+1.20.1       |COMMON_SET|Manifest: NOSIGNATURE
		oculus-mc1.20.1-1.8.0.jar                         |Oculus                        |oculus                        |1.8.0               |COMMON_SET|Manifest: NOSIGNATURE
		Searchables-forge-1.20.1-1.0.3.jar                |Searchables                   |searchables                   |1.0.3               |COMMON_SET|Manifest: NOSIGNATURE
		pointblank-forge-1.20.1-1.7.6.jar                 |Point Blank                   |pointblank                    |1.7.6               |COMMON_SET|Manifest: NOSIGNATURE
		taczcustomdeath-1.0.2c.jar                        |TACZCustomDeath               |taczcustomdeath               |1.0.2c              |COMMON_SET|Manifest: NOSIGNATURE
		forge-architectury-forge-9.2.14.jar               |Architectury                  |architectury                  |9.2.14              |COMMON_SET|Manifest: NOSIGNATURE
		cc-tweaked-1.20.1-forge-1.113.1.jar               |CC: Tweaked                   |computercraft                 |1.113.1             |COMMON_SET|Manifest: NOSIGNATURE
		cupboard-1.20.1-2.7.jar                           |Cupboard utilities            |cupboard                      |1.20.1-2.7          |COMMON_SET|Manifest: NOSIGNATURE
		forge-conditional-mixin-forge-0.6.2.jar           |conditional mixin             |conditional_mixin             |0.6.2               |COMMON_SET|Manifest: NOSIGNATURE
		TRansition-1.0.6-1.20.1-forge-SNAPSHOT.jar        |TRansition                    |transition                    |1.0.6               |COMMON_SET|Manifest: NOSIGNATURE
		MRU-1.0.4+1.20.1+forge.jar                        |Mineblock's Repeated Utilities|mru                           |1.0.4+1.20.1+forge  |COMMON_SET|Manifest: NOSIGNATURE
		JadeAddons-1.20.1-forge-5.2.2.jar                 |Jade Addons                   |jadeaddons                    |5.2.2               |COMMON_SET|Manifest: NOSIGNATURE
		framework-forge-1.20.1-0.7.15.jar                 |Framework                     |framework                     |0.7.15              |COMMON_SET|Manifest: 0d:78:5f:44:c0:47:0c:8c:e2:63:a3:04:43:d4:12:7d:b0:7c:35:37:dc:40:b1:c1:98:ec:51:eb:3b:3c:45:99
		forge-Forge-Extended-ASM-3.2.4.jar                |Forge Extended ASM            |forgeextendedasm              |3.2.4               |COMMON_SET|Manifest: NOSIGNATURE
		PlayerRevive_FORGE_v2.0.31_mc1.20.1.jar           |PlayerRevive                  |playerrevive                  |2.0.31              |COMMON_SET|Manifest: NOSIGNATURE
		maxstuff-1.8.1.jar                                |Maxstuff                      |maxstuff                      |1.8.1               |COMMON_SET|Manifest: NOSIGNATURE
		extendedbogeys-0.5.16-1.20.1-0.5.1.f-forge.jar    |Extended Bogeys               |extendedbogeys                |0.5.16-1.20.1-0.5.1.|COMMON_SET|Manifest: NOSIGNATURE
		create_tweaked_controllers-1.20.1-1.2.4.jar       |Create: Tweaked Controllers   |create_tweaked_controllers    |1.20.1-1.2.4        |COMMON_SET|Manifest: NOSIGNATURE
		bellsandwhistles-0.4.3-1.20.x.jar                 |Create: Bells & Whistles      |bellsandwhistles              |0.4.3-1.20.x        |COMMON_SET|Manifest: NOSIGNATURE
		rhino-forge-2001.2.3-build.6.jar                  |Rhino                         |rhino                         |2001.2.3-build.6    |COMMON_SET|Manifest: NOSIGNATURE
		watermedia-2.1.23.jar                             |WaterMedia                    |watermedia                    |2.1.23              |COMMON_SET|Manifest: NOSIGNATURE
		copycats-2.2.2+mc.1.20.1-forge.jar                |Create: Copycats+             |copycats                      |2.2.2+mc.1.20.1-forg|COMMON_SET|Manifest: NOSIGNATURE
		morearmoursmod-1.2.2.jar                          |More_armours Mod              |morearmoursmod                |1.0.0               |COMMON_SET|Manifest: NOSIGNATURE
		tallyho-3.5.4b.jar                                |Tallyho                       |tallyho                       |3.5.4b              |COMMON_SET|Manifest: NOSIGNATURE
		jei-1.20.1-forge-15.20.0.112.jar                  |Just Enough Items             |jei                           |15.20.0.112         |COMMON_SET|Manifest: NOSIGNATURE
		kubejs-forge-2001.6.5-build.16.jar                |KubeJS                        |kubejs                        |2001.6.5-build.16   |COMMON_SET|Manifest: NOSIGNATURE
		CGM-Unofficial-1.4.0+Forge+1.20.1.jar             |MrCrayfish's Gun Mod          |cgm                           |1.4.0+Forge+1.20.1} |COMMON_SET|Manifest: NOSIGNATURE
		tacz-1.20.1-1.1.7-hotfix.jar                      |Timeless & Classics Guns: Zero|tacz                          |1.1.7-hotfix        |COMMON_SET|Manifest: NOSIGNATURE
		Ping-Wheel-1.12.0-forge-1.20.1.jar                |Ping Wheel                    |pingwheel                     |1.12.0              |COMMON_SET|Manifest: NOSIGNATURE
		ysm-2.6.1-forge+mc1.20.1-release.jar              |Yes Steve Model               |yes_steve_model               |2.6.1-forge+mc1.20.1|COMMON_SET|Manifest: NOSIGNATURE
		TRender-1.0.7-1.20.1-forge-SNAPSHOT.jar           |TRender                       |trender                       |1.0.7               |COMMON_SET|Manifest: NOSIGNATURE
		GeckoLibOculusCompat-Forge-1.0.1.jar              |GeckoLibIrisCompat            |geckoanimfix                  |1.0.0               |COMMON_SET|Manifest: NOSIGNATURE
		RealisticExplosionPhysics-1.20.1-1.0.0.jar        |Realistic Explosion Physics   |rep                           |1.0.0               |COMMON_SET|Manifest: NOSIGNATURE
		journeymap-1.20.1-5.10.3-forge.jar                |Journeymap                    |journeymap                    |5.10.3              |COMMON_SET|Manifest: NOSIGNATURE
		design_decor-0.4-1.20.1.jar                       |Create: Design n' Decor       |design_decor                  |0.4.0               |COMMON_SET|Manifest: NOSIGNATURE
		WorldEditCUI-1.20+01.jar                          |WorldEditCUI                  |worldeditcui                  |1.20+01             |COMMON_SET|Manifest: NOSIGNATURE
		starlight-1.1.2+forge.1cda73c.jar                 |Starlight                     |starlight                     |1.1.2+forge.1cda73c |COMMON_SET|Manifest: NOSIGNATURE
		fusion-1.2.9-forge-mc1.20.1.jar                   |Fusion                        |fusion                        |1.2.9               |COMMON_SET|Manifest: NOSIGNATURE
		valkyrien-ship-schematics-forge-1.0.jar           |Valkyrien Ship Schematics     |valkyrien_ship_schematics     |1.0                 |COMMON_SET|Manifest: NOSIGNATURE
		Control Craft Forge-1.20.1-2.12.3-all.jar         |Control Craft                 |vscontrolcraft                |2.12.3              |COMMON_SET|Manifest: NOSIGNATURE
		valkyrien_space_war-0.6.18.jar                    |valkyrien_space_war Mod       |valkyrien_space_war           |0.6.18              |COMMON_SET|Manifest: NOSIGNATURE
		watut-forge-1.20.1-1.2.3.jar                      |What Are They Up To           |watut                         |1.20.1-1.2.3        |COMMON_SET|Manifest: NOSIGNATURE
		forge-1.20.1-47.4.0-universal.jar                 |Forge                         |forge                         |47.4.0              |COMMON_SET|Manifest: 84:ce:76:e8:45:35:e4:0e:63:86:df:47:59:80:0f:67:6c:c1:5f:6e:5f:4d:b3:54:47:1a:9f:7f:ed:5e:f2:90
		moderntrainparts-0.1.7-forge-mc1.20.1-cr0.5.1.f.ja|Modern Train Parts            |moderntrainparts              |0.1.7-forge-mc1.20.1|COMMON_SET|Manifest: NOSIGNATURE
		s_a_b-1.4.3.jar                                   |Steel armor blocks            |s_a_b                         |1.4.3               |COMMON_SET|Manifest: NOSIGNATURE
		GPUTape-1.18x-1.21x-1.0.5.1-forge.jar             |GPUTape                       |gpu_tape                      |1.0.5               |COMMON_SET|Manifest: NOSIGNATURE
		client-1.20.1-20230612.114412-srg.jar             |Minecraft                     |minecraft                     |1.20.1              |COMMON_SET|Manifest: a1:d4:5e:04:4f:d3:d6:e0:7b:37:97:cf:77:b0:de:ad:4a:47:ce:8c:96:49:5f:0a:cf:8c:ae:b2:6d:4b:8a:3f
		mianbao's modernwarfaare-1.3.0-forge-1.20.1.jar   |mianbao's ModernWarfare       |mianbaos_modernwarfare        |1.3.0               |COMMON_SET|Manifest: NOSIGNATURE
		WariumVS 0.3.0.jar                                |Warium_VS                     |valkyrien_warium              |0.3.0               |COMMON_SET|Manifest: NOSIGNATURE
		zblock-1.0.3.jar                                  |ZBlock                        |zblock                        |1.0.3               |COMMON_SET|Manifest: NOSIGNATURE
		combatgear-3.4.0.jar                              |CombatGear                    |combatgear                    |3.1.1               |COMMON_SET|Manifest: NOSIGNATURE
		DistantHorizons-fabric-forge-2.3.2-b-1.20.1.jar   |Distant Horizons              |distanthorizons               |2.3.2-b             |COMMON_SET|Manifest: NOSIGNATURE
		create_no_touching-1.0.5-forge-1.20.1.jar         |Create: No Touching           |create_no_touching            |1.0.5               |COMMON_SET|Manifest: NOSIGNATURE
		nose_cones-3.0.1-forge-1.20.1.jar                 |Nose Cones                    |nose_cones                    |1.0.0               |COMMON_SET|Manifest: NOSIGNATURE
		Altitude 0.0.2.jar                                |Altitude                      |altitude                      |0.0.2               |COMMON_SET|Manifest: NOSIGNATURE
		moonlight-1.20-2.16.13-forge.jar                  |Moonlight Library             |moonlight                     |1.20-2.16.13        |COMMON_SET|Manifest: NOSIGNATURE
		fabric-api-base-0.4.31+ef105b4977.jar             |Fabric API Base               |fabric_api_base               |0.4.31+ef105b4977   |COMMON_SET|Manifest: NOSIGNATURE
		ImmersiveEngineering-1.20.1-10.2.0-183.jar        |Immersive Engineering         |immersiveengineering          |1.20.1-10.2.0-183   |COMMON_SET|Manifest: 44:39:94:cf:1d:8c:be:3c:7f:a9:ee:f4:1e:63:a5:ac:61:f9:c2:87:d5:5b:d9:d6:8c:b5:3e:96:5d:8e:3f:b7
		mixinsquared-forge-0.2.0-beta.6.jar               |MixinSquared                  |mixinsquared                  |0.2.0-beta.6        |COMMON_SET|Manifest: NOSIGNATURE
		Jade-1.20.1-Forge-11.12.3.jar                     |Jade                          |jade                          |11.12.3+forge       |COMMON_SET|Manifest: NOSIGNATURE
		BuildingWands-mc1.20.1-2.6.9-release.jar          |Building Wands                |wands                         |2.6.9-release       |COMMON_SET|Manifest: NOSIGNATURE
		CreativeCore_FORGE_v2.12.32_mc1.20.1.jar          |CreativeCore                  |creativecore                  |2.12.32             |COMMON_SET|Manifest: NOSIGNATURE
		waterframes-FORGE-mc1.20.1-v2.1.15.jar            |WaterFrames                   |waterframes                   |2.1.15              |COMMON_SET|Manifest: NOSIGNATURE
		Create_Deco_Casing_3.1.0_1.20.1.jar               |Create Deco Casing            |create_deco_casing            |3.1.0               |COMMON_SET|Manifest: NOSIGNATURE
		createutilities-0.3.0+1.20.1.jar                  |Create Utilities              |createutilities               |0.3.0+1.20.1        |COMMON_SET|Manifest: NOSIGNATURE
		createendertransmission-2.0.7-1.20.1.jar          |Create Ender Transmission     |createendertransmission       |2.0.7-1.20.1        |COMMON_SET|Manifest: NOSIGNATURE
		Sounds-2.2.1+1.20.1+forge.jar                     |Sounds                        |sounds                        |2.2.1+1.20.1+forge  |COMMON_SET|Manifest: NOSIGNATURE
		lrtactical-1.20.1-0.3.0.jar                       |LesRaisins Tactical Equipments|lrtactical                    |0.3.0               |COMMON_SET|Manifest: NOSIGNATURE
		kffmod-4.11.0.jar                                 |Kotlin For Forge              |kotlinforforge                |4.11.0              |COMMON_SET|Manifest: NOSIGNATURE
		notenoughanimations-forge-1.10.4.1-mc1.20.1.jar   |NotEnoughAnimations           |notenoughanimations           |1.10.4.1            |COMMON_SET|Manifest: NOSIGNATURE
		flywheel-forge-1.20.1-0.6.11-13.jar               |Flywheel                      |flywheel                      |0.6.11-13           |COMMON_SET|Manifest: NOSIGNATURE
		Xaeros_Minimap_25.2.10_Forge_1.20.jar             |Xaero's Minimap               |xaerominimap                  |25.2.10             |COMMON_SET|Manifest: NOSIGNATURE
		lexiconfig-forge-1.4.18-1.jar                     |Lexiconfig                    |lexiconfig                    |1.4.18-1            |COMMON_SET|Manifest: NOSIGNATURE
		endlessammo-1.2.0.jar                             |TACZAddonTemplate             |endlessammo                   |1.2.0               |COMMON_SET|Manifest: NOSIGNATURE
		toms-peripherals-1.20.1-1.3.0.jar                 |Tom's Peripherals             |toms_peripherals              |1.3.0               |COMMON_SET|Manifest: NOSIGNATURE
		createenergycannons-0.1.8-mc1.20.1.jar            |Create Energy Cannons         |createenergycannons           |0.1                 |ERROR     |Manifest: NOSIGNATURE
		chamber_clarity-4.0.0-1.20.1.jar                  |Chamber Clarity               |chamber_clarity               |4.0.0-1.20.1        |COMMON_SET|Manifest: NOSIGNATURE
		entityculling-forge-1.7.2-mc1.20.1.jar            |EntityCulling                 |entityculling                 |1.7.2               |COMMON_SET|Manifest: NOSIGNATURE
		canary-mc1.20.1-0.3.3.jar                         |Canary                        |canary                        |0.3.3               |COMMON_SET|Manifest: NOSIGNATURE
		create_radar-0.2.128mc1.20.1-all.jar              |Create: Radars                |create_radar                  |0.2                 |COMMON_SET|Manifest: NOSIGNATURE
		createbigcannons-5.8.2tt3-dev+mc.1.20.1-forge.jar |Create Big Cannons            |createbigcannons              |5.8.2tt3            |ERROR     |Manifest: NOSIGNATURE
		create-1.20.1-0.5.1.j.jar                         |Create                        |create                        |0.5.1.j             |COMMON_SET|Manifest: NOSIGNATURE
		Create-DnDesire-1.20.1-0.1b.Release-Early-Dev.jar |Create: Dreams & Desires      |create_dd                     |0.1b.Release-Early-D|COMMON_SET|Manifest: NOSIGNATURE
		petrolpark-1.20.1-1.3.4-all.jar                   |Petrolpark's Library          |petrolpark                    |1.3.4               |COMMON_SET|Manifest: NOSIGNATURE
		void_power-1.2.6.fix3.jar                         |VoidPower                     |void_power                    |1.2.6.fix3          |COMMON_SET|Manifest: NOSIGNATURE
		ImmediatelyFast-Forge-1.5.3+1.20.4.jar            |ImmediatelyFast               |immediatelyfast               |1.5.3+1.20.4        |COMMON_SET|Manifest: NOSIGNATURE
		coroutil-forge-1.20.1-1.3.7.jar                   |CoroUtil                      |coroutil                      |1.20.1-1.3.7        |COMMON_SET|Manifest: NOSIGNATURE
		rha-1.1.4-1.20.1.jar                              |Rolled Homogenous             |rha                           |1.1.4               |COMMON_SET|Manifest: NOSIGNATURE
		ferritecore-6.0.1-forge.jar                       |Ferrite Core                  |ferritecore                   |6.0.1               |COMMON_SET|Manifest: 41:ce:50:66:d1:a0:05:ce:a1:0e:02:85:9b:46:64:e0:bf:2e:cf:60:30:9a:fe:0c:27:e0:63:66:9a:84:ce:8a
		engineersdecor-1.3.30.jar                         |Engineer's Decor              |engineersdecor                |1.3.30              |COMMON_SET|Manifest: NOSIGNATURE
		connectedglass-1.1.14-forge-mc1.20.1.jar          |Connected Glass               |connectedglass                |1.1.14              |COMMON_SET|Manifest: NOSIGNATURE
		cbcmoreshells-0.2.2.jar                           |Create Big Cannons More Shells|cbcmoreshells                 |0.2.2-1.20.1        |ERROR     |Manifest: NOSIGNATURE
		cbc_at_Forge_1.20.1_0.1.3b(create5).jar           |CBC Advanced Technology       |cbc_at                        |0.1.2b-1.20.1       |ERROR     |Manifest: NOSIGNATURE
		yet-another-config-lib-3.5.0+1.20.1-forge.jar     |YetAnotherConfigLib           |yet_another_config_lib_v3     |3.5.0+1.20.1-forge  |COMMON_SET|Manifest: NOSIGNATURE
		valkyrienskies-120-2.3.0-beta.6.jar               |Valkyrien Skies 2             |valkyrienskies                |2.3.0-beta.6        |COMMON_SET|Manifest: NOSIGNATURE
		tournament-1.20.1-forge-1.1.0_beta-5.3+af35b3821f.|VS Tournament Mod             |vs_tournament                 |1.1.0_beta-5.3+af35b|COMMON_SET|Manifest: NOSIGNATURE
		createpropulsion-0.2.1.jar                        |Create: Propulsion            |createpropulsion              |0.2.1               |COMMON_SET|Manifest: NOSIGNATURE
		clockwork-1.20.1-0.1.13tt-forge-8cf946b78e.jar    |Clockwork: Create x Valkyrien |vs_clockwork                  |1.20.1-0.1.13-forge-|COMMON_SET|Manifest: NOSIGNATURE
		trackwork-1.20.1-1.1.1b.jar                       |Trackwork Mod                 |trackwork                     |1.1.1b              |COMMON_SET|Manifest: NOSIGNATURE
		VMod-Forge-1.20.1-0.1.3.jar                       |VMod                          |valkyrien_mod                 |0.1.3               |COMMON_SET|Manifest: NOSIGNATURE
		cc_vs-1.20.1-forge-0.2.2.jar                      |CC: VS                        |cc_vs                         |1.20.1-forge-0.2.2  |COMMON_SET|Manifest: NOSIGNATURE
		vs_addition-1.20.1-0.0.8+d92fb8651c.jar           |VS Addition                   |vs_addition                   |1.20.1-forge-0.0.8+d|COMMON_SET|Manifest: NOSIGNATURE
		kubevs-1.20.1-forge-1.1.0.jar                     |KubeVS                        |kubevs                        |1.20.1-forge-1.1.0  |COMMON_SET|Manifest: NOSIGNATURE
		drivebywire-1.20.1-0.0.10.jar                     |Drive-By-Wire Mod             |drivebywire                   |0.0.10              |COMMON_SET|Manifest: NOSIGNATURE
		create_interactive-1.1.1-beta.2-1201-forge.jar    |Create: Interactive           |create_interactive            |1.1.1-beta.1+49250db|COMMON_SET|Manifest: NOSIGNATURE
		ExtremeSoundMuffler-3.48-forge-1.20.1.jar         |Extreme Sound Muffler         |extremesoundmuffler           |3.48                |COMMON_SET|Manifest: NOSIGNATURE
		Warium 1.2.6.jar                                  |Warium                        |crusty_chunks                 |1.2.6               |COMMON_SET|Manifest: NOSIGNATURE
		create_enchantment_industry-1.20.1-for-create-0.5.|Create Enchantment Industry   |create_enchantment_industry   |1.2.9.d             |COMMON_SET|Manifest: NOSIGNATURE
		createaddition-1.20.1-1.2.5.jar                   |Create Crafts & Additions     |createaddition                |1.20.1-1.2.5        |COMMON_SET|Manifest: NOSIGNATURE
		tacz_c-1.0.2-forge-1.20.1.jar                     |Timeless and Classics Zero: Cr|tacz_c                        |1.0.2               |COMMON_SET|Manifest: NOSIGNATURE
	Crash Report UUID: 603dc154-985d-4fb5-a73b-2c4d7f87c5e7
	FML: 47.4
	Forge: net.minecraftforge:47.4.0
	Flywheel Backend: GL33 Instanced Arrays
